android-web-service/app/build/outputs/logs/manifest-merger-debug-report.txt
-- Merging decision tree log ---
manifest
ADDED from src\main\AndroidManifest.xml:2:1-25:12
INJECTED from src\main\AndroidManifest.xml:2:1-25:12
INJECTED from src\main\AndroidManifest.xml:2:1-25:12
INJECTED from src\main\AndroidManifest.xml:2:1-25:12
MERGED from [com.android.support:appcompat-v7:24.2.1] AndroidManifest.xml:17:1-27:12
MERGED from [com.android.volley:volley:1.0.0] AndroidManifest.xml:2:1-11:12
MERGED from [com.android.support:support-v4:24.2.1] AndroidManifest.xml:17:1-27:12
MERGED from [com.android.support:animated-vector-drawable:24.2.1] AndroidManifest.xml:17:1-24:12
MERGED from [com.android.support:support-vector-drawable:24.2.1] AndroidManifest.xml:17:1-25:12
MERGED from [com.android.support:support-fragment:24.2.1] AndroidManifest.xml:17:1-27:12
MERGED from [com.android.support:support-media-compat:24.2.1] AndroidManifest.xml:17:1-27:12
MERGED from [com.android.support:support-core-utils:24.2.1] AndroidManifest.xml:17:1-27:12
MERGED from [com.android.support:support-core-ui:24.2.1] AndroidManifest.xml:17:1-27:12
MERGED from [com.android.support:support-compat:24.2.1] AndroidManifest.xml:17:1-27:12
INJECTED from src\main\AndroidManifest.xml:2:1-25:12
INJECTED from src\main\AndroidManifest.xml:2:1-25:12
INJECTED from src\main\AndroidManifest.xml:2:1-25:12
	package
		ADDED from src\main\AndroidManifest.xml:3:5-41
		INJECTED from src\main\AndroidManifest.xml
		INJECTED from src\main\AndroidManifest.xml
	android:versionName
		INJECTED from src\main\AndroidManifest.xml
		ADDED from src\main\AndroidManifest.xml:2:1-25:12
		INJECTED from src\main\AndroidManifest.xml
	android:versionCode
		INJECTED from src\main\AndroidManifest.xml
		ADDED from src\main\AndroidManifest.xml:2:1-25:12
		INJECTED from src\main\AndroidManifest.xml
	xmlns:android
		ADDED from src\main\AndroidManifest.xml:2:11-69
uses-permission#android.permission.INTERNET
ADDED from src\main\AndroidManifest.xml:6:5-67
	android:name
		ADDED from src\main\AndroidManifest.xml:6:22-64
uses-permission#android.permission.ACCESS_NETWORK_STATE
ADDED from src\main\AndroidManifest.xml:8:5-79
	android:name
		ADDED from src\main\AndroidManifest.xml:8:22-76
application
ADDED from src\main\AndroidManifest.xml:10:5-23:19
MERGED from [com.android.support:appcompat-v7:24.2.1] AndroidManifest.xml:25:5-20
MERGED from [com.android.support:appcompat-v7:24.2.1] AndroidManifest.xml:25:5-20
MERGED from [com.android.volley:volley:1.0.0] AndroidManifest.xml:9:5-20
MERGED from [com.android.volley:volley:1.0.0] AndroidManifest.xml:9:5-20
MERGED from [com.android.support:support-v4:24.2.1] AndroidManifest.xml:25:5-20
MERGED from [com.android.support:support-v4:24.2.1] AndroidManifest.xml:25:5-20
MERGED from [com.android.support:animated-vector-drawable:24.2.1] AndroidManifest.xml:22:5-20
MERGED from [com.android.support:animated-vector-drawable:24.2.1] AndroidManifest.xml:22:5-20
MERGED from [com.android.support:support-vector-drawable:24.2.1] AndroidManifest.xml:23:5-20
MERGED from [com.android.support:support-vector-drawable:24.2.1] AndroidManifest.xml:23:5-20
MERGED from [com.android.support:support-fragment:24.2.1] AndroidManifest.xml:25:5-20
MERGED from [com.android.support:support-fragment:24.2.1] AndroidManifest.xml:25:5-20
MERGED from [com.android.support:support-media-compat:24.2.1] AndroidManifest.xml:25:5-20
MERGED from [com.android.support:support-media-compat:24.2.1] AndroidManifest.xml:25:5-20
MERGED from [com.android.support:support-core-utils:24.2.1] AndroidManifest.xml:25:5-20
MERGED from [com.android.support:support-core-utils:24.2.1] AndroidManifest.xml:25:5-20
MERGED from [com.android.support:support-core-ui:24.2.1] AndroidManifest.xml:25:5-20
MERGED from [com.android.support:support-core-ui:24.2.1] AndroidManifest.xml:25:5-20
MERGED from [com.android.support:support-compat:24.2.1] AndroidManifest.xml:25:5-20
MERGED from [com.android.support:support-compat:24.2.1] AndroidManifest.xml:25:5-20
	android:supportsRtl
		ADDED from src\main\AndroidManifest.xml:14:9-35
	android:label
		ADDED from src\main\AndroidManifest.xml:13:9-41
	android:icon
		ADDED from src\main\AndroidManifest.xml:12:9-43
	android:allowBackup
		ADDED from src\main\AndroidManifest.xml:11:9-35
	android:theme
		ADDED from src\main\AndroidManifest.xml:15:9-40
activity#marwendoukh.callwebservice.MainActivity
ADDED from src\main\AndroidManifest.xml:16:9-22:20
	android:name
		ADDED from src\main\AndroidManifest.xml:16:19-47
intent-filter#action:name:android.intent.action.MAIN+category:name:android.intent.category.LAUNCHER
ADDED from src\main\AndroidManifest.xml:17:13-21:29
action#android.intent.action.MAIN
ADDED from src\main\AndroidManifest.xml:18:17-69
	android:name
		ADDED from src\main\AndroidManifest.xml:18:25-66
category#android.intent.category.LAUNCHER
ADDED from src\main\AndroidManifest.xml:20:17-77
	android:name
		ADDED from src\main\AndroidManifest.xml:20:27-74
uses-sdk
INJECTED from src\main\AndroidManifest.xml reason: use-sdk injection requested
INJECTED from src\main\AndroidManifest.xml
INJECTED from src\main\AndroidManifest.xml
MERGED from [com.android.support:appcompat-v7:24.2.1] AndroidManifest.xml:21:5-23:78
MERGED from [com.android.support:appcompat-v7:24.2.1] AndroidManifest.xml:21:5-23:78
MERGED from [com.android.volley:volley:1.0.0] AndroidManifest.xml:7:5-43
MERGED from [com.android.volley:volley:1.0.0] AndroidManifest.xml:7:5-43
MERGED from [com.android.support:support-v4:24.2.1] AndroidManifest.xml:21:5-23:54
MERGED from [com.android.support:support-v4:24.2.1] AndroidManifest.xml:21:5-23:54
MERGED from [com.android.support:animated-vector-drawable:24.2.1] AndroidManifest.xml:20:5-44
MERGED from [com.android.support:animated-vector-drawable:24.2.1] AndroidManifest.xml:20:5-44
MERGED from [com.android.support:support-vector-drawable:24.2.1] AndroidManifest.xml:21:5-43
MERGED from [com.android.support:support-vector-drawable:24.2.1] AndroidManifest.xml:21:5-43
MERGED from [com.android.support:support-fragment:24.2.1] AndroidManifest.xml:21:5-23:60
MERGED from [com.android.support:support-fragment:24.2.1] AndroidManifest.xml:21:5-23:60
MERGED from [com.android.support:support-media-compat:24.2.1] AndroidManifest.xml:21:5-23:63
MERGED from [com.android.support:support-media-compat:24.2.1] AndroidManifest.xml:21:5-23:63
MERGED from [com.android.support:support-core-utils:24.2.1] AndroidManifest.xml:21:5-23:61
MERGED from [com.android.support:support-core-utils:24.2.1] AndroidManifest.xml:21:5-23:61
MERGED from [com.android.support:support-core-ui:24.2.1] AndroidManifest.xml:21:5-23:58
MERGED from [com.android.support:support-core-ui:24.2.1] AndroidManifest.xml:21:5-23:58
MERGED from [com.android.support:support-compat:24.2.1] AndroidManifest.xml:21:5-23:58
MERGED from [com.android.support:support-compat:24.2.1] AndroidManifest.xml:21:5-23:58
INJECTED from src\main\AndroidManifest.xml
INJECTED from src\main\AndroidManifest.xml
	tools:overrideLibrary
		ADDED from [com.android.support:appcompat-v7:24.2.1] AndroidManifest.xml:23:9-75
	android:targetSdkVersion
		INJECTED from src\main\AndroidManifest.xml
		ADDED from src\main\AndroidManifest.xml
		INJECTED from src\main\AndroidManifest.xml
	android:minSdkVersion
		INJECTED from src\main\AndroidManifest.xml
		ADDED from src\main\AndroidManifest.xml
		INJECTED from src\main\AndroidManifest.xml